-------------------------------------------------------------------------------
Test set: com.s4mobi.ApplicationTests
-------------------------------------------------------------------------------
Tests run: 1, Failures: 0, Errors: 1, Skipped: 0, Time elapsed: 0.377 s <<< FAILURE! - in com.s4mobi.ApplicationTests
com.s4mobi.ApplicationTests  Time elapsed: 0.375 s  <<< ERROR!
java.lang.IllegalStateException: Unable to find a @SpringBootConfiguration, you need to use @ContextConfiguration or @SpringBootTest(classes=...) with your test

